2020-07-27 11:28:11 INFO  Main:23 - ---- START MODULE SERVER CHAT | SERVER PORT: 3030 ---
2020-07-27 11:28:14 DEBUG Main:17 - Cannot init file config: config/chat_client.xml
java.io.IOException: Cannot init file config: config/chat_client.xml
	at com.xtel.training.bai_6d_socket.client.Main.initConfig(Main.java:48)
	at com.xtel.training.bai_6d_socket.client.Main.main(Main.java:15)
2020-07-27 11:29:36 DEBUG Main:17 - Cannot init file config: config/chat_client.xml
java.io.IOException: Cannot init file config: config/chat_client.xml
	at com.xtel.training.bai_6d_socket.client.Main.initConfig(Main.java:48)
	at com.xtel.training.bai_6d_socket.client.Main.main(Main.java:15)
2020-07-27 11:30:09 DEBUG ClientChatConfig:23 - Cannot init file config: config/chat_server.xml
2020-07-27 11:30:09 INFO  Main:24 - ---- START MODULE CLIENT CHAT | SERVER IP: localhost, PORT: 3030 ---
2020-07-27 11:30:09 INFO  ChatServer:57 - ---- START SERVER CHAT | IP SERVER: localhost, PORT: 3030 ---
2020-07-27 11:30:25 DEBUG Main:27 - Connection reset
java.net.SocketException: Connection reset
	at java.net.SocketInputStream.read(SocketInputStream.java:210)
	at java.net.SocketInputStream.read(SocketInputStream.java:141)
	at java.net.SocketInputStream.read(SocketInputStream.java:224)
	at java.io.DataInputStream.readUnsignedShort(DataInputStream.java:337)
	at java.io.DataInputStream.readUTF(DataInputStream.java:589)
	at java.io.DataInputStream.readUTF(DataInputStream.java:564)
	at com.xtel.training.bai_6d_socket.server.ChatServer.startChat(ChatServer.java:37)
	at com.xtel.training.bai_6d_socket.server.Main.main(Main.java:25)
2020-07-27 11:30:25 INFO  Main:31 - ---- STOP SERVER CHAT | SERVER PORT: 3030 ---
2020-07-27 11:30:28 DEBUG ClientChatConfig:23 - Cannot init file config: config/chat_server.xml
2020-07-27 11:30:28 INFO  Main:24 - ---- START MODULE CLIENT CHAT | SERVER IP: localhost, PORT: 3030 ---
2020-07-27 11:30:28 INFO  ChatServer:57 - ---- START SERVER CHAT | IP SERVER: localhost, PORT: 3030 ---
2020-07-27 11:30:30 DEBUG Main:29 - Connection refused: connect
java.net.ConnectException: Connection refused: connect
	at java.net.DualStackPlainSocketImpl.connect0(Native Method)
	at java.net.DualStackPlainSocketImpl.socketConnect(DualStackPlainSocketImpl.java:79)
	at java.net.AbstractPlainSocketImpl.doConnect(AbstractPlainSocketImpl.java:350)
	at java.net.AbstractPlainSocketImpl.connectToAddress(AbstractPlainSocketImpl.java:206)
	at java.net.AbstractPlainSocketImpl.connect(AbstractPlainSocketImpl.java:188)
	at java.net.PlainSocketImpl.connect(PlainSocketImpl.java:172)
	at java.net.SocksSocketImpl.connect(SocksSocketImpl.java:392)
	at java.net.Socket.connect(Socket.java:607)
	at java.net.Socket.connect(Socket.java:556)
	at java.net.Socket.<init>(Socket.java:452)
	at java.net.Socket.<init>(Socket.java:229)
	at com.xtel.training.bai_6d_socket.client.ChatClient.start(ChatClient.java:59)
	at com.xtel.training.bai_6d_socket.client.Main.main(Main.java:26)
2020-07-27 11:30:30 INFO  ChatServer:92 - ---- STOP CLIENT CHAT | IP SERVER: localhost, PORT: 3030 ---
2020-07-27 11:30:30 INFO  Main:33 - ---- STOP CLIENT CHAT | SERVER IP: localhost, PORT: 3030 ---
2020-07-27 11:32:12 DEBUG ClientChatConfig:23 - Cannot init file config: config/chat_server.xml
2020-07-27 11:32:13 INFO  Main:24 - ---- START MODULE CLIENT CHAT | SERVER IP: localhost, PORT: 3030 ---
2020-07-27 11:32:15 DEBUG Main:29 - Connection refused: connect
java.net.ConnectException: Connection refused: connect
	at java.net.DualStackPlainSocketImpl.connect0(Native Method)
	at java.net.DualStackPlainSocketImpl.socketConnect(DualStackPlainSocketImpl.java:79)
	at java.net.AbstractPlainSocketImpl.doConnect(AbstractPlainSocketImpl.java:350)
	at java.net.AbstractPlainSocketImpl.connectToAddress(AbstractPlainSocketImpl.java:206)
	at java.net.AbstractPlainSocketImpl.connect(AbstractPlainSocketImpl.java:188)
	at java.net.PlainSocketImpl.connect(PlainSocketImpl.java:172)
	at java.net.SocksSocketImpl.connect(SocksSocketImpl.java:392)
	at java.net.Socket.connect(Socket.java:607)
	at java.net.Socket.connect(Socket.java:556)
	at java.net.Socket.<init>(Socket.java:452)
	at java.net.Socket.<init>(Socket.java:229)
	at com.xtel.training.bai_6d_socket.client.ChatClient.start(ChatClient.java:57)
	at com.xtel.training.bai_6d_socket.client.Main.main(Main.java:26)
2020-07-27 11:32:15 INFO  Main:33 - ---- STOP CLIENT CHAT | SERVER IP: localhost, PORT: 3030 ---
2020-07-27 11:33:15 INFO  Main:23 - 
---- START MODULE SERVER CHAT | SERVER PORT: 3030 ---
2020-07-27 11:33:21 DEBUG ClientChatConfig:23 - Cannot init file config: config/chat_server.xml
2020-07-27 11:33:21 INFO  Main:24 - 
---- START MODULE CLIENT CHAT | SERVER IP: localhost, PORT: 3030 ---
2020-07-27 11:33:36 DEBUG Main:27 - Connection reset
java.net.SocketException: Connection reset
	at java.net.SocketInputStream.read(SocketInputStream.java:210)
	at java.net.SocketInputStream.read(SocketInputStream.java:141)
	at java.net.SocketInputStream.read(SocketInputStream.java:224)
	at java.io.DataInputStream.readUnsignedShort(DataInputStream.java:337)
	at java.io.DataInputStream.readUTF(DataInputStream.java:589)
	at java.io.DataInputStream.readUTF(DataInputStream.java:564)
	at com.xtel.training.bai_6d_socket.server.ChatServer.startChat(ChatServer.java:37)
	at com.xtel.training.bai_6d_socket.server.Main.main(Main.java:25)
2020-07-27 11:33:36 INFO  Main:31 - 
---- STOP SERVER CHAT | SERVER PORT: 3030 ---
2020-07-27 11:34:17 INFO  Main:23 - 
---- START MODULE SERVER CHAT | SERVER PORT: 3030 ---
2020-07-27 11:34:22 DEBUG ClientChatConfig:23 - Cannot init file config: config/chat_server.xml
2020-07-27 11:34:22 INFO  Main:24 - 
---- START MODULE CLIENT CHAT | SERVER IP: localhost, PORT: 3030 ---
2020-07-27 11:34:22 INFO  ChatServer:41 - [Me]
2020-07-27 11:34:31 INFO  ChatServer:39 - [Client] %shello
2020-07-27 11:34:31 INFO  ChatServer:41 - [Me]
2020-07-27 11:34:38 INFO  ChatServer:50 - [Server] %sxin chao
2020-07-27 11:34:38 INFO  ChatServer:41 - [Me]
2020-07-27 11:34:47 INFO  ChatServer:39 - [Client] %sokie fine
2020-07-27 11:34:47 INFO  ChatServer:41 - [Me]
2020-07-27 11:34:51 INFO  ChatServer:50 - [Server] %sok :D
2020-07-27 11:34:51 INFO  ChatServer:41 - [Me]
2020-07-27 11:34:59 DEBUG Main:27 - Connection reset
java.net.SocketException: Connection reset
	at java.net.SocketInputStream.read(SocketInputStream.java:210)
	at java.net.SocketInputStream.read(SocketInputStream.java:141)
	at java.net.SocketInputStream.read(SocketInputStream.java:224)
	at java.io.DataInputStream.readUnsignedShort(DataInputStream.java:337)
	at java.io.DataInputStream.readUTF(DataInputStream.java:589)
	at java.io.DataInputStream.readUTF(DataInputStream.java:564)
	at com.xtel.training.bai_6d_socket.server.ChatServer.startChat(ChatServer.java:37)
	at com.xtel.training.bai_6d_socket.server.Main.main(Main.java:25)
2020-07-27 11:34:59 INFO  Main:31 - 
---- STOP SERVER CHAT | SERVER PORT: 3030 ---
2020-07-27 11:35:19 DEBUG ClientChatConfig:23 - Cannot init file config: config/chat_server.xml
2020-07-27 11:35:19 INFO  Main:24 - 
---- START MODULE CLIENT CHAT | SERVER IP: localhost, PORT: 3030 ---
2020-07-27 11:35:21 DEBUG Main:29 - Connection refused: connect
java.net.ConnectException: Connection refused: connect
	at java.net.DualStackPlainSocketImpl.connect0(Native Method)
	at java.net.DualStackPlainSocketImpl.socketConnect(DualStackPlainSocketImpl.java:79)
	at java.net.AbstractPlainSocketImpl.doConnect(AbstractPlainSocketImpl.java:350)
	at java.net.AbstractPlainSocketImpl.connectToAddress(AbstractPlainSocketImpl.java:206)
	at java.net.AbstractPlainSocketImpl.connect(AbstractPlainSocketImpl.java:188)
	at java.net.PlainSocketImpl.connect(PlainSocketImpl.java:172)
	at java.net.SocksSocketImpl.connect(SocksSocketImpl.java:392)
	at java.net.Socket.connect(Socket.java:607)
	at java.net.Socket.connect(Socket.java:556)
	at java.net.Socket.<init>(Socket.java:452)
	at java.net.Socket.<init>(Socket.java:229)
	at com.xtel.training.bai_6d_socket.client.ChatClient.start(ChatClient.java:58)
	at com.xtel.training.bai_6d_socket.client.Main.main(Main.java:26)
2020-07-27 11:35:21 INFO  Main:33 - 
---- STOP CLIENT CHAT | SERVER IP: localhost, PORT: 3030 ---
2020-07-27 11:35:21 INFO  Main:23 - 
---- START MODULE SERVER CHAT | SERVER PORT: 3030 ---
2020-07-27 11:36:06 INFO  Main:23 - 
---- START MODULE SERVER CHAT | SERVER PORT: 3030 ---
2020-07-27 11:36:15 DEBUG ClientChatConfig:23 - Cannot init file config: config/chat_server.xml
2020-07-27 11:36:15 INFO  Main:24 - 
---- START MODULE CLIENT CHAT | SERVER IP: localhost, PORT: 3030 ---
2020-07-27 11:36:15 INFO  ChatServer:41 - 
[Me]
2020-07-27 11:36:38 INFO  ChatServer:39 - 
[Client] %ssad
2020-07-27 11:36:38 INFO  ChatServer:41 - 
[Me]
2020-07-27 11:36:46 DEBUG Main:29 - Connection reset
java.net.SocketException: Connection reset
	at java.net.SocketInputStream.read(SocketInputStream.java:210)
	at java.net.SocketInputStream.read(SocketInputStream.java:141)
	at java.net.SocketInputStream.read(SocketInputStream.java:224)
	at java.io.DataInputStream.readUnsignedShort(DataInputStream.java:337)
	at java.io.DataInputStream.readUTF(DataInputStream.java:589)
	at java.io.DataInputStream.readUTF(DataInputStream.java:564)
	at com.xtel.training.bai_6d_socket.client.ChatClient.startChat(ChatClient.java:48)
	at com.xtel.training.bai_6d_socket.client.Main.main(Main.java:27)
2020-07-27 11:36:46 INFO  Main:33 - 
---- STOP CLIENT CHAT | SERVER IP: localhost, PORT: 3030 ---
2020-07-27 11:37:56 INFO  Main:23 - 
---- START MODULE SERVER CHAT | SERVER PORT: 3030 ---
2020-07-27 11:37:59 DEBUG ClientChatConfig:23 - Cannot init file config: config/chat_server.xml
2020-07-27 11:37:59 INFO  Main:24 - 
---- START MODULE CLIENT CHAT | SERVER IP: localhost, PORT: 3030 ---
2020-07-27 11:37:59 INFO  ChatServer:41 - 
[Me]:
2020-07-27 11:38:05 DEBUG Main:27 - Connection reset
java.net.SocketException: Connection reset
	at java.net.SocketInputStream.read(SocketInputStream.java:210)
	at java.net.SocketInputStream.read(SocketInputStream.java:141)
	at java.net.SocketInputStream.read(SocketInputStream.java:224)
	at java.io.DataInputStream.readUnsignedShort(DataInputStream.java:337)
	at java.io.DataInputStream.readUTF(DataInputStream.java:589)
	at java.io.DataInputStream.readUTF(DataInputStream.java:564)
	at com.xtel.training.bai_6d_socket.server.ChatServer.startChat(ChatServer.java:37)
	at com.xtel.training.bai_6d_socket.server.Main.main(Main.java:25)
2020-07-27 11:38:05 INFO  Main:31 - 
---- STOP SERVER CHAT | SERVER PORT: 3030 ---
2020-07-27 11:40:48 INFO  Main:23 - 
---- START MODULE SERVER CHAT | SERVER PORT: 3030 ---
2020-07-27 11:42:02 INFO  Main:23 - 
---- START MODULE SERVER CHAT | SERVER PORT: 3030 ---
2020-07-27 11:42:23 INFO  Main:24 - 
---- START MODULE CLIENT CHAT | SERVER IP: localhost, PORT: 3030 ---
2020-07-27 11:42:25 DEBUG Main:29 - Connection refused: connect
java.net.ConnectException: Connection refused: connect
	at java.net.DualStackPlainSocketImpl.connect0(Native Method)
	at java.net.DualStackPlainSocketImpl.socketConnect(DualStackPlainSocketImpl.java:79)
	at java.net.AbstractPlainSocketImpl.doConnect(AbstractPlainSocketImpl.java:350)
	at java.net.AbstractPlainSocketImpl.connectToAddress(AbstractPlainSocketImpl.java:206)
	at java.net.AbstractPlainSocketImpl.connect(AbstractPlainSocketImpl.java:188)
	at java.net.PlainSocketImpl.connect(PlainSocketImpl.java:172)
	at java.net.SocksSocketImpl.connect(SocksSocketImpl.java:392)
	at java.net.Socket.connect(Socket.java:607)
	at java.net.Socket.connect(Socket.java:556)
	at java.net.Socket.<init>(Socket.java:452)
	at java.net.Socket.<init>(Socket.java:229)
	at com.xtel.training.bai_6d_socket.client.ChatClient.start(ChatClient.java:58)
	at com.xtel.training.bai_6d_socket.client.Main.main(Main.java:26)
2020-07-27 11:42:25 INFO  Main:33 - 
---- STOP CLIENT CHAT | SERVER IP: localhost, PORT: 3030 ---
2020-07-27 11:42:57 INFO  Main:24 - 
---- START MODULE CLIENT CHAT | SERVER IP: localhost, PORT: 3030 ---
2020-07-27 11:42:59 DEBUG Main:29 - Connection refused: connect
java.net.ConnectException: Connection refused: connect
	at java.net.DualStackPlainSocketImpl.connect0(Native Method)
	at java.net.DualStackPlainSocketImpl.socketConnect(DualStackPlainSocketImpl.java:79)
	at java.net.AbstractPlainSocketImpl.doConnect(AbstractPlainSocketImpl.java:350)
	at java.net.AbstractPlainSocketImpl.connectToAddress(AbstractPlainSocketImpl.java:206)
	at java.net.AbstractPlainSocketImpl.connect(AbstractPlainSocketImpl.java:188)
	at java.net.PlainSocketImpl.connect(PlainSocketImpl.java:172)
	at java.net.SocksSocketImpl.connect(SocksSocketImpl.java:392)
	at java.net.Socket.connect(Socket.java:607)
	at java.net.Socket.connect(Socket.java:556)
	at java.net.Socket.<init>(Socket.java:452)
	at java.net.Socket.<init>(Socket.java:229)
	at com.xtel.training.bai_6d_socket.client.ChatClient.start(ChatClient.java:58)
	at com.xtel.training.bai_6d_socket.client.Main.main(Main.java:26)
2020-07-27 11:42:59 INFO  Main:33 - 
---- STOP CLIENT CHAT | SERVER IP: localhost, PORT: 3030 ---
2020-07-27 11:51:42 INFO  Main:24 - 
---- START MODULE CLIENT CHAT | SERVER IP: localhost, PORT: 3030 ---
2020-07-27 11:51:44 DEBUG Main:29 - Connection refused: connect
java.net.ConnectException: Connection refused: connect
	at java.net.DualStackPlainSocketImpl.waitForConnect(Native Method)
	at java.net.DualStackPlainSocketImpl.socketConnect(DualStackPlainSocketImpl.java:85)
	at java.net.AbstractPlainSocketImpl.doConnect(AbstractPlainSocketImpl.java:350)
	at java.net.AbstractPlainSocketImpl.connectToAddress(AbstractPlainSocketImpl.java:206)
	at java.net.AbstractPlainSocketImpl.connect(AbstractPlainSocketImpl.java:188)
	at java.net.PlainSocketImpl.connect(PlainSocketImpl.java:172)
	at java.net.SocksSocketImpl.connect(SocksSocketImpl.java:392)
	at java.net.Socket.connect(Socket.java:607)
	at com.xtel.training.bai_6d_socket.client.ChatClient.start(ChatClient.java:65)
	at com.xtel.training.bai_6d_socket.client.Main.main(Main.java:26)
2020-07-27 11:51:44 INFO  Main:33 - 
---- STOP CLIENT CHAT | SERVER IP: localhost, PORT: 3030 ---
2020-07-27 11:52:35 INFO  Main:24 - 
---- START MODULE CLIENT CHAT | SERVER HOST: localhost, PORT: 3030 ---
2020-07-27 11:52:37 DEBUG Main:29 - Connection refused: connect
java.net.ConnectException: Connection refused: connect
	at java.net.DualStackPlainSocketImpl.waitForConnect(Native Method)
	at java.net.DualStackPlainSocketImpl.socketConnect(DualStackPlainSocketImpl.java:85)
	at java.net.AbstractPlainSocketImpl.doConnect(AbstractPlainSocketImpl.java:350)
	at java.net.AbstractPlainSocketImpl.connectToAddress(AbstractPlainSocketImpl.java:206)
	at java.net.AbstractPlainSocketImpl.connect(AbstractPlainSocketImpl.java:188)
	at java.net.PlainSocketImpl.connect(PlainSocketImpl.java:172)
	at java.net.SocksSocketImpl.connect(SocksSocketImpl.java:392)
	at java.net.Socket.connect(Socket.java:607)
	at com.xtel.training.bai_6d_socket.client.ChatClient.start(ChatClient.java:65)
	at com.xtel.training.bai_6d_socket.client.Main.main(Main.java:26)
2020-07-27 11:52:37 INFO  Main:33 - 
---- STOP CLIENT CHAT | SERVER HOST: localhost, PORT: 3030 ---
2020-07-27 11:53:43 INFO  Main:24 - 
---- START MODULE CLIENT CHAT | SERVER HOST: localhost, PORT: 3030 ---
2020-07-27 11:53:45 DEBUG Main:29 - Connection refused: connect
java.net.ConnectException: Connection refused: connect
	at java.net.DualStackPlainSocketImpl.waitForConnect(Native Method)
	at java.net.DualStackPlainSocketImpl.socketConnect(DualStackPlainSocketImpl.java:85)
	at java.net.AbstractPlainSocketImpl.doConnect(AbstractPlainSocketImpl.java:350)
	at java.net.AbstractPlainSocketImpl.connectToAddress(AbstractPlainSocketImpl.java:206)
	at java.net.AbstractPlainSocketImpl.connect(AbstractPlainSocketImpl.java:188)
	at java.net.PlainSocketImpl.connect(PlainSocketImpl.java:172)
	at java.net.SocksSocketImpl.connect(SocksSocketImpl.java:392)
	at java.net.Socket.connect(Socket.java:607)
	at com.xtel.training.bai_6d_socket.client.ChatClient.start(ChatClient.java:65)
	at com.xtel.training.bai_6d_socket.client.Main.main(Main.java:26)
2020-07-27 11:53:45 INFO  Main:33 - 
---- STOP CLIENT CHAT | SERVER HOST: localhost, PORT: 3030 ---
2020-07-27 11:54:40 INFO  Main:23 - 
---- START MODULE SERVER CHAT | SERVER PORT: 3030 ---
2020-07-27 11:54:43 INFO  Main:24 - 
---- START MODULE CLIENT CHAT | SERVER HOST: localhost, PORT: 3030 ---
2020-07-27 11:54:43 INFO  ChatServer:44 - 
[Me]:
2020-07-27 11:55:04 INFO  ChatServer:39 - 
[Client]: 
%shello server
2020-07-27 11:55:04 INFO  ChatServer:41 - 
[Me]:
2020-07-27 11:55:09 INFO  ChatServer:53 - 
[Server]: 
%soke b
2020-07-27 11:55:09 INFO  ChatServer:44 - 
[Me]:
2020-07-27 11:55:59 INFO  Main:23 - 
---- START MODULE SERVER CHAT | SERVER PORT: 3030 ---
2020-07-27 11:56:01 INFO  Main:24 - 
---- START MODULE CLIENT CHAT | SERVER HOST: localhost, PORT: 3030 ---
2020-07-27 11:56:01 INFO  ChatServer:44 - 
[Me]:

2020-07-27 11:56:04 INFO  ChatServer:39 - 
[Client]:
%sxin chao
2020-07-27 11:56:04 INFO  ChatServer:41 - 
[Me]:

2020-07-27 11:56:08 INFO  ChatServer:53 - 
[Server]:
%sokie
2020-07-27 11:56:08 INFO  ChatServer:44 - 
[Me]:

2020-07-27 11:56:41 INFO  Main:24 - 
---- START MODULE CLIENT CHAT | SERVER HOST: localhost, PORT: 3030 ---
2020-07-27 11:56:43 DEBUG Main:29 - Connection refused: connect
java.net.ConnectException: Connection refused: connect
	at java.net.DualStackPlainSocketImpl.waitForConnect(Native Method)
	at java.net.DualStackPlainSocketImpl.socketConnect(DualStackPlainSocketImpl.java:85)
	at java.net.AbstractPlainSocketImpl.doConnect(AbstractPlainSocketImpl.java:350)
	at java.net.AbstractPlainSocketImpl.connectToAddress(AbstractPlainSocketImpl.java:206)
	at java.net.AbstractPlainSocketImpl.connect(AbstractPlainSocketImpl.java:188)
	at java.net.PlainSocketImpl.connect(PlainSocketImpl.java:172)
	at java.net.SocksSocketImpl.connect(SocksSocketImpl.java:392)
	at java.net.Socket.connect(Socket.java:607)
	at com.xtel.training.bai_6d_socket.client.ChatClient.start(ChatClient.java:65)
	at com.xtel.training.bai_6d_socket.client.Main.main(Main.java:26)
2020-07-27 11:56:43 INFO  Main:33 - 
---- STOP CLIENT CHAT | SERVER HOST: localhost, PORT: 3030 ---
2020-07-27 11:56:46 INFO  Main:23 - 
---- START MODULE SERVER CHAT | SERVER PORT: 3030 ---
2020-07-27 11:56:48 INFO  Main:23 - 
---- START MODULE CLIENT CHAT | SERVER HOST: localhost, PORT: 3030 ---
2020-07-27 11:56:48 INFO  ChatServer:44 - 
[Me]:
2020-07-27 11:56:52 INFO  ChatServer:39 - 
[Client]:hello
2020-07-27 11:56:52 INFO  ChatServer:41 - 
[Me]:
2020-07-27 11:56:56 INFO  ChatServer:53 - 
[Server]:oke
2020-07-27 11:56:56 INFO  ChatServer:44 - 
[Me]:
2020-07-27 11:57:00 INFO  ChatServer:39 - 
[Client]:hihi
2020-07-27 11:57:00 INFO  ChatServer:41 - 
[Me]:
2020-07-27 11:57:13 INFO  ChatServer:53 - 
[Server]:liu liu
2020-07-27 11:57:13 INFO  ChatServer:44 - 
[Me]:
2020-07-27 11:57:29 DEBUG Main:27 - Connection reset
java.net.SocketException: Connection reset
	at java.net.SocketInputStream.read(SocketInputStream.java:210)
	at java.net.SocketInputStream.read(SocketInputStream.java:141)
	at java.net.SocketInputStream.read(SocketInputStream.java:224)
	at java.io.DataInputStream.readUnsignedShort(DataInputStream.java:337)
	at java.io.DataInputStream.readUTF(DataInputStream.java:589)
	at java.io.DataInputStream.readUTF(DataInputStream.java:564)
	at com.xtel.training.bai_6d_socket.server.ChatServer.startChat(ChatServer.java:37)
	at com.xtel.training.bai_6d_socket.server.Main.main(Main.java:25)
2020-07-27 11:57:29 INFO  Main:31 - 
---- STOP SERVER CHAT | SERVER PORT: 3030 ---
2020-07-27 13:04:58 INFO  Main:23 - 
---- START MODULE CLIENT CHAT | SERVER HOST: localhost, PORT: 3030 ---
2020-07-27 13:05:00 DEBUG Main:28 - Connection refused: connect
java.net.ConnectException: Connection refused: connect
	at java.net.DualStackPlainSocketImpl.waitForConnect(Native Method)
	at java.net.DualStackPlainSocketImpl.socketConnect(DualStackPlainSocketImpl.java:85)
	at java.net.AbstractPlainSocketImpl.doConnect(AbstractPlainSocketImpl.java:350)
	at java.net.AbstractPlainSocketImpl.connectToAddress(AbstractPlainSocketImpl.java:206)
	at java.net.AbstractPlainSocketImpl.connect(AbstractPlainSocketImpl.java:188)
	at java.net.PlainSocketImpl.connect(PlainSocketImpl.java:172)
	at java.net.SocksSocketImpl.connect(SocksSocketImpl.java:392)
	at java.net.Socket.connect(Socket.java:607)
	at com.xtel.training.bai_6d_socket.client.ChatClient.start(ChatClient.java:65)
	at com.xtel.training.bai_6d_socket.client.Main.main(Main.java:25)
2020-07-27 13:05:00 INFO  Main:32 - 
---- STOP CLIENT CHAT | SERVER HOST: localhost, PORT: 3030 ---
2020-07-27 13:05:06 INFO  Main:23 - 
---- START MODULE SERVER CHAT | SERVER PORT: 3030 ---
2020-07-27 13:05:11 INFO  Main:23 - 
---- START MODULE CLIENT CHAT | SERVER HOST: localhost, PORT: 3030 ---
2020-07-27 13:05:11 INFO  ChatServer:44 - 
[Me]:
2020-07-27 13:06:11 DEBUG Main:27 - Connection reset
java.net.SocketException: Connection reset
	at java.net.SocketInputStream.read(SocketInputStream.java:210)
	at java.net.SocketInputStream.read(SocketInputStream.java:141)
	at java.net.SocketInputStream.read(SocketInputStream.java:224)
	at java.io.DataInputStream.readUnsignedShort(DataInputStream.java:337)
	at java.io.DataInputStream.readUTF(DataInputStream.java:589)
	at java.io.DataInputStream.readUTF(DataInputStream.java:564)
	at com.xtel.training.bai_6d_socket.server.ChatServer.startChat(ChatServer.java:37)
	at com.xtel.training.bai_6d_socket.server.Main.main(Main.java:25)
2020-07-27 13:06:11 INFO  Main:31 - 
---- STOP SERVER CHAT | SERVER PORT: 3030 ---
